2017-06-14 16:43:43.978  INFO 7048 --- [main] c.c.c.ConfigServicePropertySourceLocator : Fetching config from server at: http://localhost:8888
2017-06-14 16:43:46.212  WARN 7048 --- [main] c.c.c.ConfigServicePropertySourceLocator : Could not locate PropertySource: I/O error on GET request for "http://localhost:8888/eureka/default": Connection refused: connect; nested exception is java.net.ConnectException: Connection refused: connect
2017-06-14 16:43:46.212  INFO 7048 --- [main] c.c.g.n.discovery.EurekaApplication      : No active profile set, falling back to default profiles: default
2017-06-14 16:43:46.228  INFO 7048 --- [main] ationConfigEmbeddedWebApplicationContext : Refreshing org.springframework.boot.context.embedded.AnnotationConfigEmbeddedWebApplicationContext@4563e9ab: startup date [Wed Jun 14 16:43:46 IST 2017]; parent: org.springframework.context.annotation.AnnotationConfigApplicationContext@5e8c92f4
2017-06-14 16:43:49.212  INFO 7048 --- [main] o.s.b.f.s.DefaultListableBeanFactory     : Overriding bean definition for bean 'beanNameViewResolver' with a different definition: replacing [Root bean: class [null]; scope=; abstract=false; lazyInit=false; autowireMode=3; dependencyCheck=0; autowireCandidate=true; primary=false; factoryBeanName=org.springframework.boot.autoconfigure.web.ErrorMvcAutoConfiguration$WhitelabelErrorViewConfiguration; factoryMethodName=beanNameViewResolver; initMethodName=null; destroyMethodName=(inferred); defined in class path resource [org/springframework/boot/autoconfigure/web/ErrorMvcAutoConfiguration$WhitelabelErrorViewConfiguration.class]] with [Root bean: class [null]; scope=; abstract=false; lazyInit=false; autowireMode=3; dependencyCheck=0; autowireCandidate=true; primary=false; factoryBeanName=org.springframework.boot.autoconfigure.web.WebMvcAutoConfiguration$WebMvcAutoConfigurationAdapter; factoryMethodName=beanNameViewResolver; initMethodName=null; destroyMethodName=(inferred); defined in class path resource [org/springframework/boot/autoconfigure/web/WebMvcAutoConfiguration$WebMvcAutoConfigurationAdapter.class]]
2017-06-14 16:43:50.384  INFO 7048 --- [main] o.s.cloud.context.scope.GenericScope     : BeanFactory id=1f7faba6-3a9a-31a5-81e4-3d10e25fa3f8
2017-06-14 16:43:50.415  INFO 7048 --- [main] f.a.AutowiredAnnotationBeanPostProcessor : JSR-330 'javax.inject.Inject' annotation found and supported for autowiring
2017-06-14 16:43:50.493  INFO 7048 --- [main] trationDelegate$BeanPostProcessorChecker : Bean 'org.springframework.cloud.autoconfigure.ConfigurationPropertiesRebinderAutoConfiguration' of type [class org.springframework.cloud.autoconfigure.ConfigurationPropertiesRebinderAutoConfiguration$$EnhancerBySpringCGLIB$$6062745c] is not eligible for getting processed by all BeanPostProcessors (for example: not eligible for auto-proxying)
2017-06-14 16:43:50.556  INFO 7048 --- [main] trationDelegate$BeanPostProcessorChecker : Bean 'org.springframework.cloud.autoconfigure.RefreshEndpointAutoConfiguration' of type [class org.springframework.cloud.autoconfigure.RefreshEndpointAutoConfiguration$$EnhancerBySpringCGLIB$$93406f92] is not eligible for getting processed by all BeanPostProcessors (for example: not eligible for auto-proxying)
2017-06-14 16:43:51.493  INFO 7048 --- [main] s.b.c.e.t.TomcatEmbeddedServletContainer : Tomcat initialized with port(s): 8761 (http)
2017-06-14 16:43:52.868  INFO 7048 --- [main] o.apache.catalina.core.StandardService   : Starting service Tomcat
2017-06-14 16:43:52.884  INFO 7048 --- [main] org.apache.catalina.core.StandardEngine  : Starting Servlet Engine: Apache Tomcat/8.0.32
2017-06-14 16:43:53.525  INFO 7048 --- [localhost-startStop-1] o.a.c.c.C.[Tomcat].[localhost].[/]       : Initializing Spring embedded WebApplicationContext
2017-06-14 16:43:53.868  INFO 7048 --- [localhost-startStop-1] o.s.web.context.ContextLoader            : Root WebApplicationContext: initialization completed in 7640 ms
2017-06-14 16:43:57.587  INFO 7048 --- [localhost-startStop-1] o.s.b.c.embedded.FilterRegistrationBean  : Mapping filter: 'metricFilter' to: [/*]
2017-06-14 16:43:57.603  INFO 7048 --- [localhost-startStop-1] o.s.b.c.embedded.FilterRegistrationBean  : Mapping filter: 'characterEncodingFilter' to: [/*]
2017-06-14 16:44:00.540  INFO 7048 --- [localhost-startStop-1] o.s.b.c.embedded.FilterRegistrationBean  : Mapping filter: 'hiddenHttpMethodFilter' to: [/*]
2017-06-14 16:44:00.540  INFO 7048 --- [localhost-startStop-1] o.s.b.c.embedded.FilterRegistrationBean  : Mapping filter: 'httpPutFormContentFilter' to: [/*]
2017-06-14 16:44:00.540  INFO 7048 --- [localhost-startStop-1] o.s.b.c.embedded.FilterRegistrationBean  : Mapping filter: 'requestContextFilter' to: [/*]
2017-06-14 16:44:00.540  INFO 7048 --- [localhost-startStop-1] o.s.b.c.embedded.FilterRegistrationBean  : Mapping filter: 'webRequestTraceFilter' to: [/*]
2017-06-14 16:44:01.197  INFO 7048 --- [localhost-startStop-1] o.s.b.c.embedded.FilterRegistrationBean  : Mapping filter: 'servletContainer' to urls: [/eureka/*]
2017-06-14 16:44:01.290  INFO 7048 --- [localhost-startStop-1] o.s.b.c.embedded.FilterRegistrationBean  : Mapping filter: 'applicationContextIdFilter' to: [/*]
2017-06-14 16:44:01.368  INFO 7048 --- [localhost-startStop-1] o.s.b.c.e.ServletRegistrationBean        : Mapping servlet: 'dispatcherServlet' to [/]
2017-06-14 16:44:01.697  INFO 7048 --- [localhost-startStop-1] c.s.j.s.i.a.WebApplicationImpl           : Initiating Jersey application, version 'Jersey: 1.19 02/11/2015 03:25 AM'
2017-06-14 16:44:02.134  INFO 7048 --- [localhost-startStop-1] c.n.d.provider.DiscoveryJerseyProvider   : Using encoding codec LegacyJacksonJson
2017-06-14 16:44:02.243  INFO 7048 --- [localhost-startStop-1] c.n.d.provider.DiscoveryJerseyProvider   : Using decoding codec LegacyJacksonJson
2017-06-14 16:44:04.259  INFO 7048 --- [main] o.s.c.n.eureka.InstanceInfoFactory       : Setting initial instance status as: STARTING
2017-06-14 16:44:04.931  INFO 7048 --- [main] c.n.d.provider.DiscoveryJerseyProvider   : Using encoding codec LegacyJacksonJson
2017-06-14 16:44:04.947  INFO 7048 --- [main] c.n.d.provider.DiscoveryJerseyProvider   : Using decoding codec LegacyJacksonJson
2017-06-14 16:44:05.197  INFO 7048 --- [main] c.n.d.provider.DiscoveryJerseyProvider   : Using encoding codec LegacyJacksonJson
2017-06-14 16:44:05.212  INFO 7048 --- [main] c.n.d.provider.DiscoveryJerseyProvider   : Using decoding codec LegacyJacksonJson
2017-06-14 16:44:05.353  INFO 7048 --- [main] com.netflix.discovery.DiscoveryClient    : Not registering with Eureka server per configuration
2017-06-14 16:44:05.478  INFO 7048 --- [main] c.n.eureka.DefaultEurekaServerContext    : Initializing ...
2017-06-14 16:44:05.478  INFO 7048 --- [main] c.n.eureka.cluster.PeerEurekaNodes       : Adding new peer nodes [http://localhost:8761/eureka/]
2017-06-14 16:44:05.509  INFO 7048 --- [main] c.n.d.provider.DiscoveryJerseyProvider   : Using encoding codec LegacyJacksonJson
2017-06-14 16:44:05.509  INFO 7048 --- [main] c.n.d.provider.DiscoveryJerseyProvider   : Using decoding codec LegacyJacksonJson
2017-06-14 16:44:05.650  INFO 7048 --- [main] c.n.eureka.cluster.PeerEurekaNodes       : Replica node URL:  http://localhost:8761/eureka/
2017-06-14 16:44:05.665  INFO 7048 --- [main] c.n.e.registry.AbstractInstanceRegistry  : Finished initializing remote region registries. All known remote regions: []
2017-06-14 16:44:05.665  INFO 7048 --- [main] c.n.eureka.DefaultEurekaServerContext    : Initialized
2017-06-14 16:44:06.009  INFO 7048 --- [main] s.w.s.m.m.a.RequestMappingHandlerAdapter : Looking for @ControllerAdvice: org.springframework.boot.context.embedded.AnnotationConfigEmbeddedWebApplicationContext@4563e9ab: startup date [Wed Jun 14 16:43:46 IST 2017]; parent: org.springframework.context.annotation.AnnotationConfigApplicationContext@5e8c92f4
2017-06-14 16:44:06.197  INFO 7048 --- [main] s.w.s.m.m.a.RequestMappingHandlerMapping : Mapped "{[/],methods=[GET]}" onto public java.lang.String org.springframework.cloud.netflix.eureka.server.EurekaController.status(javax.servlet.http.HttpServletRequest,java.util.Map<java.lang.String, java.lang.Object>)
2017-06-14 16:44:06.197  INFO 7048 --- [main] s.w.s.m.m.a.RequestMappingHandlerMapping : Mapped "{[/lastn],methods=[GET]}" onto public java.lang.String org.springframework.cloud.netflix.eureka.server.EurekaController.lastn(javax.servlet.http.HttpServletRequest,java.util.Map<java.lang.String, java.lang.Object>)
2017-06-14 16:44:06.197  INFO 7048 --- [main] s.w.s.m.m.a.RequestMappingHandlerMapping : Mapped "{[/error]}" onto public org.springframework.http.ResponseEntity<java.util.Map<java.lang.String, java.lang.Object>> org.springframework.boot.autoconfigure.web.BasicErrorController.error(javax.servlet.http.HttpServletRequest)
2017-06-14 16:44:06.197  INFO 7048 --- [main] s.w.s.m.m.a.RequestMappingHandlerMapping : Mapped "{[/error],produces=[text/html]}" onto public org.springframework.web.servlet.ModelAndView org.springframework.boot.autoconfigure.web.BasicErrorController.errorHtml(javax.servlet.http.HttpServletRequest,javax.servlet.http.HttpServletResponse)
2017-06-14 16:44:06.259  INFO 7048 --- [main] o.s.w.s.handler.SimpleUrlHandlerMapping  : Mapped URL path [/webjars/**] onto handler of type [class org.springframework.web.servlet.resource.ResourceHttpRequestHandler]
2017-06-14 16:44:06.259  INFO 7048 --- [main] o.s.w.s.handler.SimpleUrlHandlerMapping  : Mapped URL path [/**] onto handler of type [class org.springframework.web.servlet.resource.ResourceHttpRequestHandler]
2017-06-14 16:44:06.322  INFO 7048 --- [main] o.s.w.s.handler.SimpleUrlHandlerMapping  : Mapped URL path [/**/favicon.ico] onto handler of type [class org.springframework.web.servlet.resource.ResourceHttpRequestHandler]
2017-06-14 16:44:07.119  INFO 7048 --- [main] o.s.b.a.e.mvc.EndpointHandlerMapping     : Mapped "{[/health || /health.json],produces=[application/json]}" onto public java.lang.Object org.springframework.boot.actuate.endpoint.mvc.HealthMvcEndpoint.invoke(java.security.Principal)
2017-06-14 16:44:07.134  INFO 7048 --- [main] o.s.b.a.e.mvc.EndpointHandlerMapping     : Mapped "{[/archaius || /archaius.json],methods=[GET],produces=[application/json]}" onto public java.lang.Object org.springframework.boot.actuate.endpoint.mvc.EndpointMvcAdapter.invoke()
2017-06-14 16:44:07.134  INFO 7048 --- [main] o.s.b.a.e.mvc.EndpointHandlerMapping     : Mapped "{[/restart || /restart.json],methods=[POST]}" onto public java.lang.Object org.springframework.cloud.context.restart.RestartMvcEndpoint.invoke()
2017-06-14 16:44:07.150  INFO 7048 --- [main] o.s.b.a.e.mvc.EndpointHandlerMapping     : Mapped "{[/env],methods=[POST]}" onto public java.lang.Object org.springframework.cloud.context.environment.EnvironmentManagerMvcEndpoint.value(java.util.Map<java.lang.String, java.lang.String>)
2017-06-14 16:44:07.150  INFO 7048 --- [main] o.s.b.a.e.mvc.EndpointHandlerMapping     : Mapped "{[/env/reset],methods=[POST]}" onto public java.util.Map<java.lang.String, java.lang.Object> org.springframework.cloud.context.environment.EnvironmentManagerMvcEndpoint.reset()
2017-06-14 16:44:07.165  INFO 7048 --- [main] o.s.b.a.e.mvc.EndpointHandlerMapping     : Mapped "{[/pause || /pause.json],methods=[POST]}" onto public java.lang.Object org.springframework.cloud.endpoint.GenericPostableMvcEndpoint.invoke()
2017-06-14 16:44:07.165  INFO 7048 --- [main] o.s.b.a.e.mvc.EndpointHandlerMapping     : Mapped "{[/resume || /resume.json],methods=[POST]}" onto public java.lang.Object org.springframework.cloud.endpoint.GenericPostableMvcEndpoint.invoke()
2017-06-14 16:44:07.165  INFO 7048 --- [main] o.s.b.a.e.mvc.EndpointHandlerMapping     : Mapped "{[/configprops || /configprops.json],methods=[GET],produces=[application/json]}" onto public java.lang.Object org.springframework.boot.actuate.endpoint.mvc.EndpointMvcAdapter.invoke()
2017-06-14 16:44:07.165  INFO 7048 --- [main] o.s.b.a.e.mvc.EndpointHandlerMapping     : Mapped "{[/info || /info.json],methods=[GET],produces=[application/json]}" onto public java.lang.Object org.springframework.boot.actuate.endpoint.mvc.EndpointMvcAdapter.invoke()
2017-06-14 16:44:07.165  INFO 7048 --- [main] o.s.b.a.e.mvc.EndpointHandlerMapping     : Mapped "{[/mappings || /mappings.json],methods=[GET],produces=[application/json]}" onto public java.lang.Object org.springframework.boot.actuate.endpoint.mvc.EndpointMvcAdapter.invoke()
2017-06-14 16:44:07.165  INFO 7048 --- [main] o.s.b.a.e.mvc.EndpointHandlerMapping     : Mapped "{[/dump || /dump.json],methods=[GET],produces=[application/json]}" onto public java.lang.Object org.springframework.boot.actuate.endpoint.mvc.EndpointMvcAdapter.invoke()
2017-06-14 16:44:07.181  INFO 7048 --- [main] o.s.b.a.e.mvc.EndpointHandlerMapping     : Mapped "{[/metrics/{name:.*}],methods=[GET],produces=[application/json]}" onto public java.lang.Object org.springframework.boot.actuate.endpoint.mvc.MetricsMvcEndpoint.value(java.lang.String)
2017-06-14 16:44:07.181  INFO 7048 --- [main] o.s.b.a.e.mvc.EndpointHandlerMapping     : Mapped "{[/metrics || /metrics.json],methods=[GET],produces=[application/json]}" onto public java.lang.Object org.springframework.boot.actuate.endpoint.mvc.EndpointMvcAdapter.invoke()
2017-06-14 16:44:07.181  INFO 7048 --- [main] o.s.b.a.e.mvc.EndpointHandlerMapping     : Mapped "{[/features || /features.json],methods=[GET],produces=[application/json]}" onto public java.lang.Object org.springframework.boot.actuate.endpoint.mvc.EndpointMvcAdapter.invoke()
2017-06-14 16:44:07.181  INFO 7048 --- [main] o.s.b.a.e.mvc.EndpointHandlerMapping     : Mapped "{[/logfile || /logfile.json],methods=[GET || HEAD]}" onto public void org.springframework.boot.actuate.endpoint.mvc.LogFileMvcEndpoint.invoke(javax.servlet.http.HttpServletRequest,javax.servlet.http.HttpServletResponse) throws javax.servlet.ServletException,java.io.IOException
2017-06-14 16:44:07.181  INFO 7048 --- [main] o.s.b.a.e.mvc.EndpointHandlerMapping     : Mapped "{[/env/{name:.*}],methods=[GET],produces=[application/json]}" onto public java.lang.Object org.springframework.boot.actuate.endpoint.mvc.EnvironmentMvcEndpoint.value(java.lang.String)
2017-06-14 16:44:07.181  INFO 7048 --- [main] o.s.b.a.e.mvc.EndpointHandlerMapping     : Mapped "{[/env || /env.json],methods=[GET],produces=[application/json]}" onto public java.lang.Object org.springframework.boot.actuate.endpoint.mvc.EndpointMvcAdapter.invoke()
2017-06-14 16:44:07.197  INFO 7048 --- [main] o.s.b.a.e.mvc.EndpointHandlerMapping     : Mapped "{[/beans || /beans.json],methods=[GET],produces=[application/json]}" onto public java.lang.Object org.springframework.boot.actuate.endpoint.mvc.EndpointMvcAdapter.invoke()
2017-06-14 16:44:07.197  INFO 7048 --- [main] o.s.b.a.e.mvc.EndpointHandlerMapping     : Mapped "{[/refresh || /refresh.json],methods=[POST]}" onto public java.lang.Object org.springframework.cloud.endpoint.GenericPostableMvcEndpoint.invoke()
2017-06-14 16:44:07.197  INFO 7048 --- [main] o.s.b.a.e.mvc.EndpointHandlerMapping     : Mapped "{[/autoconfig || /autoconfig.json],methods=[GET],produces=[application/json]}" onto public java.lang.Object org.springframework.boot.actuate.endpoint.mvc.EndpointMvcAdapter.invoke()
2017-06-14 16:44:07.197  INFO 7048 --- [main] o.s.b.a.e.mvc.EndpointHandlerMapping     : Mapped "{[/trace || /trace.json],methods=[GET],produces=[application/json]}" onto public java.lang.Object org.springframework.boot.actuate.endpoint.mvc.EndpointMvcAdapter.invoke()
2017-06-14 16:44:07.400  INFO 7048 --- [main] o.s.ui.freemarker.SpringTemplateLoader   : SpringTemplateLoader for FreeMarker: using resource loader [org.springframework.boot.context.embedded.AnnotationConfigEmbeddedWebApplicationContext@4563e9ab: startup date [Wed Jun 14 16:43:46 IST 2017]; parent: org.springframework.context.annotation.AnnotationConfigApplicationContext@5e8c92f4] and template loader path [classpath:/templates/]
2017-06-14 16:44:07.400  INFO 7048 --- [main] o.s.w.s.v.f.FreeMarkerConfigurer         : ClassTemplateLoader for Spring macros added to FreeMarker configuration
2017-06-14 16:44:07.540  WARN 7048 --- [main] c.n.c.sources.URLConfigurationSource     : No URLs will be polled as dynamic configuration sources.
2017-06-14 16:44:07.540  INFO 7048 --- [main] c.n.c.sources.URLConfigurationSource     : To enable URLs as dynamic configuration sources, define System property archaius.configurationSource.additionalUrls or make config.properties available on classpath.
2017-06-14 16:44:07.556  WARN 7048 --- [main] c.n.c.sources.URLConfigurationSource     : No URLs will be polled as dynamic configuration sources.
2017-06-14 16:44:07.556  INFO 7048 --- [main] c.n.c.sources.URLConfigurationSource     : To enable URLs as dynamic configuration sources, define System property archaius.configurationSource.additionalUrls or make config.properties available on classpath.
2017-06-14 16:44:07.681  INFO 7048 --- [main] o.s.j.e.a.AnnotationMBeanExporter        : Registering beans for JMX exposure on startup
2017-06-14 16:44:07.697  INFO 7048 --- [main] o.s.j.e.a.AnnotationMBeanExporter        : Bean with name 'refreshScope' has been autodetected for JMX exposure
2017-06-14 16:44:07.697  INFO 7048 --- [main] o.s.j.e.a.AnnotationMBeanExporter        : Bean with name 'environmentManager' has been autodetected for JMX exposure
2017-06-14 16:44:07.712  INFO 7048 --- [main] o.s.j.e.a.AnnotationMBeanExporter        : Bean with name 'configurationPropertiesRebinder' has been autodetected for JMX exposure
2017-06-14 16:44:07.712  INFO 7048 --- [main] o.s.j.e.a.AnnotationMBeanExporter        : Bean with name 'refreshEndpoint' has been autodetected for JMX exposure
2017-06-14 16:44:07.712  INFO 7048 --- [main] o.s.j.e.a.AnnotationMBeanExporter        : Bean with name 'restartEndpoint' has been autodetected for JMX exposure
2017-06-14 16:44:07.712  INFO 7048 --- [main] o.s.j.e.a.AnnotationMBeanExporter        : Located managed bean 'environmentManager': registering with JMX server as MBean [org.springframework.cloud.context.environment:name=environmentManager,type=EnvironmentManager]
2017-06-14 16:44:07.744  INFO 7048 --- [main] o.s.j.e.a.AnnotationMBeanExporter        : Located managed bean 'restartEndpoint': registering with JMX server as MBean [org.springframework.cloud.context.restart:name=restartEndpoint,type=RestartEndpoint]
2017-06-14 16:44:07.759  INFO 7048 --- [main] o.s.j.e.a.AnnotationMBeanExporter        : Located managed bean 'refreshScope': registering with JMX server as MBean [org.springframework.cloud.context.scope.refresh:name=refreshScope,type=RefreshScope]
2017-06-14 16:44:07.775  INFO 7048 --- [main] o.s.j.e.a.AnnotationMBeanExporter        : Located managed bean 'configurationPropertiesRebinder': registering with JMX server as MBean [org.springframework.cloud.context.properties:name=configurationPropertiesRebinder,context=4563e9ab,type=ConfigurationPropertiesRebinder]
2017-06-14 16:44:07.790  INFO 7048 --- [main] o.s.j.e.a.AnnotationMBeanExporter        : Located managed bean 'refreshEndpoint': registering with JMX server as MBean [org.springframework.cloud.endpoint:name=refreshEndpoint,type=RefreshEndpoint]
2017-06-14 16:44:08.009  INFO 7048 --- [main] o.s.c.support.DefaultLifecycleProcessor  : Starting beans in phase 0
2017-06-14 16:44:08.009  INFO 7048 --- [Thread-7] o.s.c.n.e.server.EurekaServerBootstrap   : Setting the eureka configuration..
2017-06-14 16:44:08.009  INFO 7048 --- [main] c.n.e.EurekaDiscoveryClientConfiguration : Registering application eureka with eureka with status UP
2017-06-14 16:44:08.009  INFO 7048 --- [Thread-7] o.s.c.n.e.server.EurekaServerBootstrap   : Eureka data center value eureka.datacenter is not set, defaulting to default
2017-06-14 16:44:08.009  INFO 7048 --- [Thread-7] o.s.c.n.e.server.EurekaServerBootstrap   : Eureka environment value eureka.environment is not set, defaulting to test
2017-06-14 16:44:08.040  INFO 7048 --- [Thread-7] o.s.c.n.e.server.EurekaServerBootstrap   : isAws returned false
2017-06-14 16:44:08.056  INFO 7048 --- [Thread-7] o.s.c.n.e.server.EurekaServerBootstrap   : Initialized server context
2017-06-14 16:44:08.056  INFO 7048 --- [Thread-7] c.n.e.r.PeerAwareInstanceRegistryImpl    : Got 1 instances from neighboring DS node
2017-06-14 16:44:08.056  INFO 7048 --- [Thread-7] c.n.e.r.PeerAwareInstanceRegistryImpl    : Renew threshold is: 1
2017-06-14 16:44:08.056  INFO 7048 --- [Thread-7] c.n.e.r.PeerAwareInstanceRegistryImpl    : Changing status to UP
2017-06-14 16:44:08.072  INFO 7048 --- [Thread-7] e.s.EurekaServerInitializerConfiguration : Started Eureka Server
2017-06-14 16:44:08.181  INFO 7048 --- [main] s.b.c.e.t.TomcatEmbeddedServletContainer : Tomcat started on port(s): 8761 (http)
2017-06-14 16:44:08.197  INFO 7048 --- [main] c.n.e.EurekaDiscoveryClientConfiguration : Updating port to 8761
2017-06-14 16:44:08.197  INFO 7048 --- [main] c.c.g.n.discovery.EurekaApplication      : Started EurekaApplication in 29.485 seconds (JVM running for 31.335)
2017-06-14 16:59:05.678  INFO 7048 --- [ReplicaAwareInstanceRegistry - RenewalThresholdUpdater] c.n.e.r.PeerAwareInstanceRegistryImpl    : Current renewal threshold is : 1
2017-06-14 16:59:47.514  INFO 7048 --- [http-nio-8761-exec-1] o.a.c.c.C.[Tomcat].[localhost].[/]       : Initializing Spring FrameworkServlet 'dispatcherServlet'
2017-06-14 16:59:47.515  INFO 7048 --- [http-nio-8761-exec-1] o.s.web.servlet.DispatcherServlet        : FrameworkServlet 'dispatcherServlet': initialization started
2017-06-14 16:59:47.612  INFO 7048 --- [http-nio-8761-exec-1] o.s.web.servlet.DispatcherServlet        : FrameworkServlet 'dispatcherServlet': initialization completed in 96 ms
2017-06-14 16:59:47.811  INFO 7048 --- [http-nio-8761-exec-1] c.n.e.registry.AbstractInstanceRegistry  : Registered instance MENUCATALOG/localhost:menucatalog:51219 with status UP (replication=false)
2017-06-14 17:05:29.825  INFO 7048 --- [http-nio-8761-exec-5] c.n.e.registry.AbstractInstanceRegistry  : Registered instance MENUCATALOG/localhost:menucatalog:51219 with status UP (replication=false)
2017-06-14 17:06:45.948  INFO 7048 --- [http-nio-8761-exec-4] c.n.e.registry.AbstractInstanceRegistry  : Registered instance MENUCATALOG/localhost:menucatalog:51219 with status UP (replication=false)
